D:\PROJECTS\TACO GATO\TACO GATO\DEBUG\HUSKY_AI.OBJ
D:\PROJECTS\TACO GATO\TACO GATO\DEBUG\HUSKY_GRAPHICS.OBJ
D:\PROJECTS\TACO GATO\TACO GATO\DEBUG\HUSKY_PHYSICS.OBJ
D:\PROJECTS\TACO GATO\TACO GATO\DEBUG\LEVEL_1.OBJ
D:\PROJECTS\TACO GATO\TACO GATO\DEBUG\MAIN.OBJ
D:\PROJECTS\TACO GATO\TACO GATO\DEBUG\MAIN_LOOP.OBJ
D:\PROJECTS\TACO GATO\TACO GATO\DEBUG\MAP.OBJ
D:\PROJECTS\TACO GATO\TACO GATO\DEBUG\SHIBA_AI.OBJ
D:\PROJECTS\TACO GATO\TACO GATO\DEBUG\SHIBA_GRAPHICS.OBJ
D:\PROJECTS\TACO GATO\TACO GATO\DEBUG\SHIBA_PHYSICS.OBJ
D:\PROJECTS\TACO GATO\TACO GATO\DEBUG\SPRITE.OBJ
D:\PROJECTS\TACO GATO\TACO GATO\DEBUG\TACOGATO_GRAPHICS.OBJ
D:\PROJECTS\TACO GATO\TACO GATO\DEBUG\TACOGATO_INPUT.OBJ
D:\PROJECTS\TACO GATO\TACO GATO\DEBUG\TACOGATO_PHYSICS.OBJ
D:\PROJECTS\TACO GATO\TACO GATO\DEBUG\TACO_GATO.OBJ
D:\PROJECTS\TACO GATO\TACO GATO\DEBUG\WORLD.OBJ
D:\PROJECTS\TACO GATO\TACO GATO\DEBUG\TINYSTR.OBJ
D:\PROJECTS\TACO GATO\TACO GATO\DEBUG\TINYXML.OBJ
D:\PROJECTS\TACO GATO\TACO GATO\DEBUG\TINYXMLERROR.OBJ
D:\PROJECTS\TACO GATO\TACO GATO\DEBUG\TINYXMLPARSER.OBJ
D:\PROJECTS\TACO GATO\TACO GATO\DEBUG\BULLDOG_AI.OBJ
D:\PROJECTS\TACO GATO\TACO GATO\DEBUG\BULLDOG_GRAPHICS.OBJ
D:\PROJECTS\TACO GATO\TACO GATO\DEBUG\BULLDOG_PHYSICS.OBJ
D:\PROJECTS\TACO GATO\TACO GATO\DEBUG\CORGI_AI.OBJ
D:\PROJECTS\TACO GATO\TACO GATO\DEBUG\CORGI_GRAPHICS.OBJ
D:\PROJECTS\TACO GATO\TACO GATO\DEBUG\CORGI_PHYSICS.OBJ
D:\PROJECTS\TACO GATO\TACO GATO\DEBUG\ENEMY_BULLDOG.OBJ
D:\PROJECTS\TACO GATO\TACO GATO\DEBUG\ENEMY_CORGI.OBJ
D:\PROJECTS\TACO GATO\TACO GATO\DEBUG\ENEMY_GREYHOUND.OBJ
D:\PROJECTS\TACO GATO\TACO GATO\DEBUG\ENEMY_HANDLER.OBJ
D:\PROJECTS\TACO GATO\TACO GATO\DEBUG\ENEMY_HUSKY.OBJ
D:\PROJECTS\TACO GATO\TACO GATO\DEBUG\ENEMY_SHIBA.OBJ
D:\PROJECTS\TACO GATO\TACO GATO\DEBUG\GAME_COLLISION.OBJ
D:\PROJECTS\TACO GATO\TACO GATO\DEBUG\GAME_RENDERER.OBJ
D:\PROJECTS\TACO GATO\TACO GATO\DEBUG\GAME_TIMER.OBJ
D:\PROJECTS\TACO GATO\TACO GATO\DEBUG\GAME_WEAPONS.OBJ
D:\PROJECTS\TACO GATO\TACO GATO\DEBUG\GAME_WINDOW.OBJ
D:\PROJECTS\TACO GATO\TACO GATO\DEBUG\GREYHOUND_AI.OBJ
D:\PROJECTS\TACO GATO\TACO GATO\DEBUG\GREYHOUND_GRAPHICS.OBJ
D:\PROJECTS\TACO GATO\TACO GATO\DEBUG\GREYHOUND_PHYSICS.OBJ
D:\PROJECTS\TACO GATO\TACO GATO\DEBUG\ABSTRACT_ACTOR_GRAPHICS.OBJ
D:\PROJECTS\TACO GATO\TACO GATO\DEBUG\ABSTRACT_ACTOR_INPUT.OBJ
D:\PROJECTS\TACO GATO\TACO GATO\DEBUG\ABSTRACT_ACTOR_PHYSICS.OBJ
D:\PROJECTS\TACO GATO\TACO GATO\DEBUG\ABSTRACT_GAME_ACTOR.OBJ
D:\PROJECTS\TACO GATO\TACO GATO\DEBUG\ACTOR_NPC.OBJ
D:\PROJECTS\TACO GATO\TACO GATO\DEBUG\VC110.PDB
D:\PROJECTS\TACO GATO\TACO GATO\DEBUG\LEVEL_2.OBJ
D:\PROJECTS\TACO GATO\TACO GATO\DEBUG\LEVEL_3.OBJ
D:\PROJECTS\TACO GATO\TACO GATO\DEBUG\LEVEL_4.OBJ
D:\PROJECTS\TACO GATO\DEBUG\TACO GATO.ILK
D:\PROJECTS\TACO GATO\DEBUG\TACO GATO.EXE
D:\PROJECTS\TACO GATO\DEBUG\TACO GATO.PDB
D:\Projects\Taco Gato\Taco Gato\Debug\Abstract_Actor_Graphics.obj
D:\Projects\Taco Gato\Taco Gato\Debug\Abstract_Actor_Input.obj
D:\Projects\Taco Gato\Taco Gato\Debug\Abstract_Actor_Physics.obj
D:\Projects\Taco Gato\Taco Gato\Debug\Abstract_Game_Actor.obj
D:\Projects\Taco Gato\Taco Gato\Debug\Actor_NPC.obj
D:\Projects\Taco Gato\Taco Gato\Debug\Bulldog_AI.obj
D:\Projects\Taco Gato\Taco Gato\Debug\Bulldog_Graphics.obj
D:\Projects\Taco Gato\Taco Gato\Debug\Bulldog_Physics.obj
D:\Projects\Taco Gato\Taco Gato\Debug\Corgi_AI.obj
D:\Projects\Taco Gato\Taco Gato\Debug\Corgi_Graphics.obj
D:\Projects\Taco Gato\Taco Gato\Debug\Corgi_Physics.obj
D:\Projects\Taco Gato\Taco Gato\Debug\Enemy_Bulldog.obj
D:\Projects\Taco Gato\Taco Gato\Debug\Enemy_Corgi.obj
D:\Projects\Taco Gato\Taco Gato\Debug\Enemy_GreyHound.obj
D:\Projects\Taco Gato\Taco Gato\Debug\Enemy_Handler.obj
D:\Projects\Taco Gato\Taco Gato\Debug\Enemy_Husky.obj
D:\Projects\Taco Gato\Taco Gato\Debug\Enemy_Shiba.obj
D:\Projects\Taco Gato\Taco Gato\Debug\Game_Collision.obj
D:\Projects\Taco Gato\Taco Gato\Debug\Game_Renderer.obj
D:\Projects\Taco Gato\Taco Gato\Debug\Game_Timer.obj
D:\Projects\Taco Gato\Taco Gato\Debug\Game_Weapons.obj
D:\Projects\Taco Gato\Taco Gato\Debug\Game_Window.obj
D:\Projects\Taco Gato\Taco Gato\Debug\GreyHound_AI.obj
D:\Projects\Taco Gato\Taco Gato\Debug\GreyHound_Graphics.obj
D:\Projects\Taco Gato\Taco Gato\Debug\GreyHound_Physics.obj
D:\Projects\Taco Gato\Taco Gato\Debug\Husky_AI.obj
D:\Projects\Taco Gato\Taco Gato\Debug\Husky_Graphics.obj
D:\Projects\Taco Gato\Taco Gato\Debug\Husky_Physics.obj
D:\Projects\Taco Gato\Taco Gato\Debug\Level_1.obj
D:\Projects\Taco Gato\Taco Gato\Debug\Level_2.obj
D:\Projects\Taco Gato\Taco Gato\Debug\Level_3.obj
D:\Projects\Taco Gato\Taco Gato\Debug\Level_4.obj
D:\Projects\Taco Gato\Taco Gato\Debug\Main.obj
D:\Projects\Taco Gato\Taco Gato\Debug\Main_Loop.obj
D:\Projects\Taco Gato\Taco Gato\Debug\Map.obj
D:\Projects\Taco Gato\Taco Gato\Debug\Shiba_AI.obj
D:\Projects\Taco Gato\Taco Gato\Debug\Shiba_Graphics.obj
D:\Projects\Taco Gato\Taco Gato\Debug\Shiba_Physics.obj
D:\Projects\Taco Gato\Taco Gato\Debug\Sprite.obj
D:\Projects\Taco Gato\Taco Gato\Debug\TacoGato_Graphics.obj
D:\Projects\Taco Gato\Taco Gato\Debug\TacoGato_Input.obj
D:\Projects\Taco Gato\Taco Gato\Debug\TacoGato_Physics.obj
D:\Projects\Taco Gato\Taco Gato\Debug\Taco_Gato.obj
D:\Projects\Taco Gato\Taco Gato\Debug\tinystr.obj
D:\Projects\Taco Gato\Taco Gato\Debug\tinyxml.obj
D:\Projects\Taco Gato\Taco Gato\Debug\tinyxmlerror.obj
D:\Projects\Taco Gato\Taco Gato\Debug\tinyxmlparser.obj
D:\Projects\Taco Gato\Taco Gato\Debug\World.obj
D:\Projects\Taco Gato\Taco Gato\Debug\cl.command.1.tlog
D:\Projects\Taco Gato\Taco Gato\Debug\CL.read.1.tlog
D:\Projects\Taco Gato\Taco Gato\Debug\CL.write.1.tlog
D:\Projects\Taco Gato\Taco Gato\Debug\link-cvtres.read.1.tlog
D:\Projects\Taco Gato\Taco Gato\Debug\link-cvtres.write.1.tlog
D:\Projects\Taco Gato\Taco Gato\Debug\link-rc.read.1.tlog
D:\Projects\Taco Gato\Taco Gato\Debug\link-rc.write.1.tlog
D:\Projects\Taco Gato\Taco Gato\Debug\link.10844-cvtres.read.1.tlog
D:\Projects\Taco Gato\Taco Gato\Debug\link.10844-cvtres.write.1.tlog
D:\Projects\Taco Gato\Taco Gato\Debug\link.10844-rc.read.1.tlog
D:\Projects\Taco Gato\Taco Gato\Debug\link.10844-rc.write.1.tlog
D:\Projects\Taco Gato\Taco Gato\Debug\link.10844.read.1.tlog
D:\Projects\Taco Gato\Taco Gato\Debug\link.10844.write.1.tlog
D:\Projects\Taco Gato\Taco Gato\Debug\link.12132-cvtres.read.1.tlog
D:\Projects\Taco Gato\Taco Gato\Debug\link.12132-cvtres.write.1.tlog
D:\Projects\Taco Gato\Taco Gato\Debug\link.12132-rc.read.1.tlog
D:\Projects\Taco Gato\Taco Gato\Debug\link.12132-rc.write.1.tlog
D:\Projects\Taco Gato\Taco Gato\Debug\link.12132.read.1.tlog
D:\Projects\Taco Gato\Taco Gato\Debug\link.12132.write.1.tlog
D:\Projects\Taco Gato\Taco Gato\Debug\link.12544-cvtres.read.1.tlog
D:\Projects\Taco Gato\Taco Gato\Debug\link.12544-cvtres.write.1.tlog
D:\Projects\Taco Gato\Taco Gato\Debug\link.12544-rc.read.1.tlog
D:\Projects\Taco Gato\Taco Gato\Debug\link.12544-rc.write.1.tlog
D:\Projects\Taco Gato\Taco Gato\Debug\link.12544.read.1.tlog
D:\Projects\Taco Gato\Taco Gato\Debug\link.12544.write.1.tlog
D:\Projects\Taco Gato\Taco Gato\Debug\link.14128-cvtres.read.1.tlog
D:\Projects\Taco Gato\Taco Gato\Debug\link.14128-cvtres.write.1.tlog
D:\Projects\Taco Gato\Taco Gato\Debug\link.14128-rc.read.1.tlog
D:\Projects\Taco Gato\Taco Gato\Debug\link.14128-rc.write.1.tlog
D:\Projects\Taco Gato\Taco Gato\Debug\link.14128.read.1.tlog
D:\Projects\Taco Gato\Taco Gato\Debug\link.14128.write.1.tlog
D:\Projects\Taco Gato\Taco Gato\Debug\link.16392-cvtres.read.1.tlog
D:\Projects\Taco Gato\Taco Gato\Debug\link.16392-cvtres.write.1.tlog
D:\Projects\Taco Gato\Taco Gato\Debug\link.16392-rc.read.1.tlog
D:\Projects\Taco Gato\Taco Gato\Debug\link.16392-rc.write.1.tlog
D:\Projects\Taco Gato\Taco Gato\Debug\link.16392.read.1.tlog
D:\Projects\Taco Gato\Taco Gato\Debug\link.16392.write.1.tlog
D:\Projects\Taco Gato\Taco Gato\Debug\link.16580-cvtres.read.1.tlog
D:\Projects\Taco Gato\Taco Gato\Debug\link.16580-cvtres.write.1.tlog
D:\Projects\Taco Gato\Taco Gato\Debug\link.16580-rc.read.1.tlog
D:\Projects\Taco Gato\Taco Gato\Debug\link.16580-rc.write.1.tlog
D:\Projects\Taco Gato\Taco Gato\Debug\link.16580.read.1.tlog
D:\Projects\Taco Gato\Taco Gato\Debug\link.16580.write.1.tlog
D:\Projects\Taco Gato\Taco Gato\Debug\link.17188-cvtres.read.1.tlog
D:\Projects\Taco Gato\Taco Gato\Debug\link.17188-cvtres.write.1.tlog
D:\Projects\Taco Gato\Taco Gato\Debug\link.17188-rc.read.1.tlog
D:\Projects\Taco Gato\Taco Gato\Debug\link.17188-rc.write.1.tlog
D:\Projects\Taco Gato\Taco Gato\Debug\link.17188.read.1.tlog
D:\Projects\Taco Gato\Taco Gato\Debug\link.17188.write.1.tlog
D:\Projects\Taco Gato\Taco Gato\Debug\link.17404-cvtres.read.1.tlog
D:\Projects\Taco Gato\Taco Gato\Debug\link.17404-cvtres.write.1.tlog
D:\Projects\Taco Gato\Taco Gato\Debug\link.17404-rc.read.1.tlog
D:\Projects\Taco Gato\Taco Gato\Debug\link.17404-rc.write.1.tlog
D:\Projects\Taco Gato\Taco Gato\Debug\link.17404.read.1.tlog
D:\Projects\Taco Gato\Taco Gato\Debug\link.17404.write.1.tlog
D:\Projects\Taco Gato\Taco Gato\Debug\link.18652-cvtres.read.1.tlog
D:\Projects\Taco Gato\Taco Gato\Debug\link.18652-cvtres.write.1.tlog
D:\Projects\Taco Gato\Taco Gato\Debug\link.18652-rc.read.1.tlog
D:\Projects\Taco Gato\Taco Gato\Debug\link.18652-rc.write.1.tlog
D:\Projects\Taco Gato\Taco Gato\Debug\link.18652.read.1.tlog
D:\Projects\Taco Gato\Taco Gato\Debug\link.18652.write.1.tlog
D:\Projects\Taco Gato\Taco Gato\Debug\link.19284-cvtres.read.1.tlog
D:\Projects\Taco Gato\Taco Gato\Debug\link.19284-cvtres.write.1.tlog
D:\Projects\Taco Gato\Taco Gato\Debug\link.19284-rc.read.1.tlog
D:\Projects\Taco Gato\Taco Gato\Debug\link.19284-rc.write.1.tlog
D:\Projects\Taco Gato\Taco Gato\Debug\link.19284.read.1.tlog
D:\Projects\Taco Gato\Taco Gato\Debug\link.19284.write.1.tlog
D:\Projects\Taco Gato\Taco Gato\Debug\link.20460-cvtres.read.1.tlog
D:\Projects\Taco Gato\Taco Gato\Debug\link.20460-cvtres.write.1.tlog
D:\Projects\Taco Gato\Taco Gato\Debug\link.20460-rc.read.1.tlog
D:\Projects\Taco Gato\Taco Gato\Debug\link.20460-rc.write.1.tlog
D:\Projects\Taco Gato\Taco Gato\Debug\link.20460.read.1.tlog
D:\Projects\Taco Gato\Taco Gato\Debug\link.20460.write.1.tlog
D:\Projects\Taco Gato\Taco Gato\Debug\link.23668-cvtres.read.1.tlog
D:\Projects\Taco Gato\Taco Gato\Debug\link.23668-cvtres.write.1.tlog
D:\Projects\Taco Gato\Taco Gato\Debug\link.23668-rc.read.1.tlog
D:\Projects\Taco Gato\Taco Gato\Debug\link.23668-rc.write.1.tlog
D:\Projects\Taco Gato\Taco Gato\Debug\link.23668.read.1.tlog
D:\Projects\Taco Gato\Taco Gato\Debug\link.23668.write.1.tlog
D:\Projects\Taco Gato\Taco Gato\Debug\link.command.1.tlog
D:\Projects\Taco Gato\Taco Gato\Debug\link.read.1.tlog
D:\Projects\Taco Gato\Taco Gato\Debug\link.write.1.tlog
D:\Projects\Taco Gato\Taco Gato\Debug\vc110.idb
D:\Projects\Taco Gato\Taco Gato\Debug\vc110.pdb
D:\Projects\Taco Gato\Debug\Taco Gato.pdb
D:\Projects\Taco Gato\Debug\Taco Gato.exe
D:\Projects\Taco Gato\Debug\Taco Gato.ilk
